cl : 명령줄 warning D9035: 'Gm' 옵션은 더 이상 사용되지 않으므로 이후 릴리스에서 제거될 예정입니다.
  virtualLego.cpp
C:\Users\TOP\Desktop\3-2\object oriented programming\project3\20164899_노승광_proj3\source code package\d3dUtility.h(23,1): warning C4005: 'INFINITY': 매크로 재정의
C:\Program Files (x86)\Windows Kits\10\Include\10.0.10240.0\ucrt\math.h(78): message : 'INFINITY'의 이전 정의를 참조하십시오.
C:\Users\TOP\Desktop\3-2\object oriented programming\project3\20164899_노승광_proj3\source code package\virtualLego.cpp(125,24): warning C4244: '초기화 중': 'double'에서 'float'(으)로 변환하면서 데이터가 손실될 수 있습니다.
C:\Users\TOP\Desktop\3-2\object oriented programming\project3\20164899_노승광_proj3\source code package\virtualLego.cpp(164,1): warning C4305: '초기화 중': 'double'에서 'float'(으)로 잘립니다.
C:\Users\TOP\Desktop\3-2\object oriented programming\project3\20164899_노승광_proj3\source code package\virtualLego.cpp(187,24): warning C4244: '=': 'double'에서 'float'(으)로 변환하면서 데이터가 손실될 수 있습니다.
C:\Users\TOP\Desktop\3-2\object oriented programming\project3\20164899_노승광_proj3\source code package\virtualLego.cpp(188,24): warning C4244: '=': 'double'에서 'float'(으)로 변환하면서 데이터가 손실될 수 있습니다.
C:\Users\TOP\Desktop\3-2\object oriented programming\project3\20164899_노승광_proj3\source code package\virtualLego.cpp(291,16): warning C4244: '초기화 중': 'double'에서 'float'(으)로 변환하면서 데이터가 손실될 수 있습니다.
C:\Users\TOP\Desktop\3-2\object oriented programming\project3\20164899_노승광_proj3\source code package\virtualLego.cpp(292,17): warning C4244: '초기화 중': 'double'에서 'float'(으)로 변환하면서 데이터가 손실될 수 있습니다.
C:\Users\TOP\Desktop\3-2\object oriented programming\project3\20164899_노승광_proj3\source code package\virtualLego.cpp(293,18): warning C4244: '초기화 중': 'double'에서 'float'(으)로 변환하면서 데이터가 손실될 수 있습니다.
C:\Users\TOP\Desktop\3-2\object oriented programming\project3\20164899_노승광_proj3\source code package\virtualLego.cpp(294,19): warning C4244: '초기화 중': 'double'에서 'float'(으)로 변환하면서 데이터가 손실될 수 있습니다.
C:\Users\TOP\Desktop\3-2\object oriented programming\project3\20164899_노승광_proj3\source code package\virtualLego.cpp(323,17): warning C4244: '초기화 중': 'double'에서 'float'(으)로 변환하면서 데이터가 손실될 수 있습니다.
C:\Users\TOP\Desktop\3-2\object oriented programming\project3\20164899_노승광_proj3\source code package\virtualLego.cpp(324,18): warning C4244: '초기화 중': 'double'에서 'float'(으)로 변환하면서 데이터가 손실될 수 있습니다.
C:\Users\TOP\Desktop\3-2\object oriented programming\project3\20164899_노승광_proj3\source code package\virtualLego.cpp(325,19): warning C4244: '초기화 중': 'double'에서 'float'(으)로 변환하면서 데이터가 손실될 수 있습니다.
C:\Users\TOP\Desktop\3-2\object oriented programming\project3\20164899_노승광_proj3\source code package\virtualLego.cpp(326,20): warning C4244: '초기화 중': 'double'에서 'float'(으)로 변환하면서 데이터가 손실될 수 있습니다.
C:\Users\TOP\Desktop\3-2\object oriented programming\project3\20164899_노승광_proj3\source code package\virtualLego.cpp(373,30): warning C4305: 'return': 'double'에서 'float'(으)로 잘립니다.
C:\Users\TOP\Desktop\3-2\object oriented programming\project3\20164899_노승광_proj3\source code package\virtualLego.cpp(527,66): warning C4305: '인수': 'double'에서 'float'(으)로 잘립니다.
C:\Users\TOP\Desktop\3-2\object oriented programming\project3\20164899_노승광_proj3\source code package\virtualLego.cpp(527,47): warning C4244: '인수': 'double'에서 'float'(으)로 변환하면서 데이터가 손실될 수 있습니다.
C:\Users\TOP\Desktop\3-2\object oriented programming\project3\20164899_노승광_proj3\source code package\virtualLego.cpp(532,76): warning C4305: '인수': 'double'에서 'float'(으)로 잘립니다.
C:\Users\TOP\Desktop\3-2\object oriented programming\project3\20164899_노승광_proj3\source code package\virtualLego.cpp(532,51): warning C4244: '인수': 'double'에서 'float'(으)로 변환하면서 데이터가 손실될 수 있습니다.
C:\Users\TOP\Desktop\3-2\object oriented programming\project3\20164899_노승광_proj3\source code package\virtualLego.cpp(594,48): warning C4244: '인수': 'double'에서 'float'(으)로 변환하면서 데이터가 손실될 수 있습니다.
C:\Users\TOP\Desktop\3-2\object oriented programming\project3\20164899_노승광_proj3\source code package\virtualLego.cpp(623,48): warning C4244: '인수': 'double'에서 'float'(으)로 변환하면서 데이터가 손실될 수 있습니다.
C:\Users\TOP\Desktop\3-2\object oriented programming\project3\20164899_노승광_proj3\source code package\virtualLego.cpp(626,73): warning C4305: '인수': 'double'에서 'float'(으)로 잘립니다.
C:\Users\TOP\Desktop\3-2\object oriented programming\project3\20164899_노승광_proj3\source code package\virtualLego.cpp(700,19): warning C4244: '초기화 중': 'double'에서 'float'(으)로 변환하면서 데이터가 손실될 수 있습니다.
C:\Users\TOP\Desktop\3-2\object oriented programming\project3\20164899_노승광_proj3\source code package\virtualLego.cpp(701,18): warning C4244: '초기화 중': 'double'에서 'float'(으)로 변환하면서 데이터가 손실될 수 있습니다.
C:\Users\TOP\Desktop\3-2\object oriented programming\project3\20164899_노승광_proj3\source code package\virtualLego.cpp(707,16): warning C4244: '=': 'int'에서 'float'(으)로 변환하면서 데이터가 손실될 수 있습니다.
C:\Users\TOP\Desktop\3-2\object oriented programming\project3\20164899_노승광_proj3\source code package\virtualLego.cpp(708,16): warning C4244: '=': 'int'에서 'float'(으)로 변환하면서 데이터가 손실될 수 있습니다.
  d3dUtility.cpp
C:\Users\TOP\Desktop\3-2\object oriented programming\project3\20164899_노승광_proj3\source code package\d3dUtility.h(23,1): warning C4005: 'INFINITY': 매크로 재정의
C:\Program Files (x86)\Windows Kits\10\Include\10.0.10240.0\ucrt\math.h(78): message : 'INFINITY'의 이전 정의를 참조하십시오.
  코드를 생성하고 있습니다...
d3dUtility.obj : warning LNK4075: '/EDITANDCONTINUE'이(가) '/SAFESEH' 사양으로 인해 무시됩니다.
  VirtualLego.vcxproj -> C:\Users\TOP\Desktop\3-2\object oriented programming\project3\20164899_노승광_proj3\source code package\Debug\VirtualLego.exe
